0 info it worked if it ends with ok
1 verbose cli [ '/usr/bin/nodejs', '/usr/bin/npm', 'install', 'boostrap' ]
2 info using npm@1.3.10
3 info using node@v0.10.25
4 verbose cache add [ 'boostrap', null ]
5 verbose cache add name=undefined spec="boostrap" args=["boostrap",null]
6 verbose parsed url { protocol: null,
6 verbose parsed url   slashes: null,
6 verbose parsed url   auth: null,
6 verbose parsed url   host: null,
6 verbose parsed url   port: null,
6 verbose parsed url   hostname: null,
6 verbose parsed url   hash: null,
6 verbose parsed url   search: null,
6 verbose parsed url   query: null,
6 verbose parsed url   pathname: 'boostrap',
6 verbose parsed url   path: 'boostrap',
6 verbose parsed url   href: 'boostrap' }
7 silly lockFile 6781790b-boostrap boostrap
8 verbose lock boostrap /home/linhdao/.npm/6781790b-boostrap.lock
9 silly lockFile 6781790b-boostrap boostrap
10 silly lockFile 6781790b-boostrap boostrap
11 verbose addNamed [ 'boostrap', '' ]
12 verbose addNamed [ null, '*' ]
13 silly lockFile 083cec0e-boostrap boostrap@
14 verbose lock boostrap@ /home/linhdao/.npm/083cec0e-boostrap.lock
15 silly addNameRange { name: 'boostrap', range: '*', hasData: false }
16 verbose url raw boostrap
17 verbose url resolving [ 'https://registry.npmjs.org/', './boostrap' ]
18 verbose url resolved https://registry.npmjs.org/boostrap
19 info trying registry request attempt 1 at 09:49:35
20 http GET https://registry.npmjs.org/boostrap
21 http 404 https://registry.npmjs.org/boostrap
22 silly registry.get cb [ 404,
22 silly registry.get   { server: 'CouchDB/1.5.0 (Erlang OTP/R16B03)',
22 silly registry.get     'content-type': 'application/json',
22 silly registry.get     'cache-control': 'max-age=0',
22 silly registry.get     'content-length': '51',
22 silly registry.get     'accept-ranges': 'bytes',
22 silly registry.get     date: 'Fri, 15 May 2015 02:49:36 GMT',
22 silly registry.get     via: '1.1 varnish',
22 silly registry.get     age: '0',
22 silly registry.get     connection: 'keep-alive',
22 silly registry.get     'x-served-by': 'cache-hkg6820-HKG',
22 silly registry.get     'x-cache': 'MISS',
22 silly registry.get     'x-cache-hits': '0',
22 silly registry.get     'x-timer': 'S1431658175.965705,VS0,VE982' } ]
23 silly lockFile 083cec0e-boostrap boostrap@
24 silly lockFile 083cec0e-boostrap boostrap@
25 error 404 'boostrap' is not in the npm registry.
25 error 404 You should bug the author to publish it
25 error 404
25 error 404 Note that you can also install from a
25 error 404 tarball, folder, or http url, or git url.
26 error System Linux 3.13.0-45-generic
27 error command "/usr/bin/nodejs" "/usr/bin/npm" "install" "boostrap"
28 error cwd /home/linhdao/ANGULARJS/Music_app/lib
29 error node -v v0.10.25
30 error npm -v 1.3.10
31 error code E404
32 verbose exit [ 1, true ]
